<?xml version="1.0" encoding="UTF-8"?>
<!-- Generated by org.testng.reporters.JUnitReportReporter -->
<testsuite hostname="LAPTOP-Jatin" failures="0" tests="1" name="test_cases.Table_handling_testcase" time="0.036" errors="0" timestamp="2022-04-06T23:22:56 IST" skipped="0">
  <testcase classname="test_cases.Table_handling_testcase" name="f" time="0.036"/>
  <system-out/>
</testsuite> <!-- test_cases.Table_handling_testcase -->
