<?xml version="1.0" encoding="UTF-8"?>
<!-- Generated by org.testng.reporters.JUnitReportReporter -->
<testsuite hostname="LAPTOP-Jatin" failures="0" tests="1" name="facebook_TC.Facebook_Test" time="56.553" errors="0" timestamp="2022-04-02T22:47:21 IST" skipped="0">
  <testcase classname="facebook_TC.Facebook_Test" name="f" time="56.553"/>
  <system-out/>
</testsuite> <!-- facebook_TC.Facebook_Test -->
