<?xml version="1.0" encoding="UTF-8"?>
<!-- Generated by org.testng.reporters.JUnitReportReporter -->
<testsuite hostname="HVTNDAL0823" failures="0" tests="1" name="test_cases.NewTest_1" time="0.004" errors="0" timestamp="2023-02-18T22:56:20 IST" skipped="0">
  <testcase classname="test_cases.NewTest_1" name="second_test" time="0.004"/>
  <system-out/>
</testsuite> <!-- test_cases.NewTest_1 -->
